<?xml version="1.0" encoding="UTF-8"?>
<!-- Generated by org.testng.reporters.JUnitReportReporter -->
<testsuite hostname="DESKTOP-82HK6U2" name="Sample.User_Information" tests="1" failures="0" timestamp="31 Oct 2019 10:20:36 GMT" time="0.145" errors="0">
  <testcase name="User_Info" time="0.145" classname="Sample.User_Information"/>
</testsuite> <!-- Sample.User_Information -->
