<?xml version="1.0" encoding="UTF-8"?>
<!-- Generated by org.testng.reporters.JUnitReportReporter -->
<testsuite hostname="DESKTOP-82HK6U2" name="Sample.Trends" tests="1" failures="0" timestamp="31 Oct 2019 10:19:41 GMT" time="0.174" errors="0">
  <testcase name="Updatetweets" time="0.174" classname="Sample.Trends"/>
</testsuite> <!-- Sample.Trends -->
