<?xml version="1.0" encoding="UTF-8"?>
<!-- Generated by org.testng.reporters.JUnitReportReporter -->
<testsuite hostname="DESKTOP-82HK6U2" name="Sample.Block_User" tests="1" failures="0" timestamp="31 Oct 2019 08:58:33 GMT" time="5.178" errors="0">
  <testcase name="method" time="5.178" classname="Sample.Block_User"/>
</testsuite> <!-- Sample.Block_User -->
