<?xml version="1.0" encoding="UTF-8"?>
<!-- Generated by org.testng.reporters.JUnitReportReporter -->
<testsuite hostname="DESKTOP-82HK6U2" name="Sample.Listof_User" tests="1" failures="0" timestamp="23 Oct 2019 06:23:15 GMT" time="6.117" errors="0">
  <testcase name="f" time="6.117" classname="Sample.Listof_User"/>
</testsuite> <!-- Sample.Listof_User -->
