<?xml version="1.0" encoding="UTF-8"?>
<!-- Generated by org.testng.reporters.JUnitReportReporter -->
<testsuite hostname="DESKTOP-82HK6U2" name="Sample.Listof_Users" tests="1" failures="0" timestamp="31 Oct 2019 08:59:50 GMT" time="0.138" errors="0">
  <testcase name="listusers" time="0.138" classname="Sample.Listof_Users"/>
</testsuite> <!-- Sample.Listof_Users -->
