<?xml version="1.0" encoding="UTF-8"?>
<!-- Generated by org.testng.reporters.JUnitReportReporter -->
<testsuite hostname="DESKTOP-82HK6U2" name="Sample.PostAPI" tests="1" failures="0" timestamp="31 Oct 2019 09:33:25 GMT" time="6.219" errors="0">
  <testcase name="method" time="6.219" classname="Sample.PostAPI"/>
</testsuite> <!-- Sample.PostAPI -->
