<?xml version="1.0" encoding="UTF-8"?>
<!-- Generated by org.testng.reporters.JUnitReportReporter -->
<testsuite hostname="DESKTOP-82HK6U2" name="Sample.Update_tweet" tests="1" failures="0" timestamp="23 Oct 2019 05:40:50 GMT" time="8.025" errors="0">
  <testcase name="Updatetweets" time="8.025" classname="Sample.Update_tweet"/>
</testsuite> <!-- Sample.Update_tweet -->
