<?xml version="1.0" encoding="UTF-8"?>
<!-- Generated by org.testng.reporters.JUnitReportReporter -->
<testsuite hostname="DESKTOP-82HK6U2" name="Sample.Home_title" tests="1" failures="0" timestamp="29 Oct 2019 07:16:59 GMT" time="0.012" errors="0">
  <testcase name="tweet" time="0.012" classname="Sample.Home_title"/>
</testsuite> <!-- Sample.Home_title -->
