<?xml version="1.0" encoding="UTF-8"?>
<!-- Generated by org.testng.reporters.JUnitReportReporter -->
<testsuite hostname="DESKTOP-82HK6U2" name="Sample.Tweetre" tests="1" failures="0" timestamp="19 Oct 2019 10:31:49 GMT" time="6.397" errors="0">
  <testcase name="second" time="6.397" classname="Sample.Tweetre"/>
</testsuite> <!-- Sample.Tweetre -->
