<?xml version="1.0" encoding="UTF-8"?>
<!-- Generated by org.testng.reporters.JUnitReportReporter -->
<testsuite hostname="DESKTOP-82HK6U2" name="Sample.Re_Tweet" tests="1" failures="0" timestamp="28 Oct 2019 05:56:34 GMT" time="0.156" errors="0">
  <testcase name="tweet" time="0.156" classname="Sample.Re_Tweet"/>
</testsuite> <!-- Sample.Re_Tweet -->
