<?xml version="1.0" encoding="UTF-8"?>
<!-- Generated by org.testng.reporters.JUnitReportReporter -->
<testsuite hostname="DESKTOP-82HK6U2" name="Sample.CreateTweet" tests="1" failures="0" timestamp="29 Oct 2019 07:16:59 GMT" time="0.015" errors="0">
  <testcase name="createtweet" time="0.015" classname="Sample.CreateTweet"/>
</testsuite> <!-- Sample.CreateTweet -->
